<?xml version="1.0" encoding="utf-8"?><testsuites name="pytest tests"><testsuite name="pytest" errors="0" failures="0" skipped="0" tests="26" time="18.380" timestamp="2026-01-25T04:58:25.405335+00:00" hostname="agent-env-6ad65895-de88-4676-8c22-f02d609aec26"><testcase classname="backend.tests.test_brick_api.TestAPIHealth" name="test_api_root_accessible" time="0.072" /><testcase classname="backend.tests.test_brick_api.TestAuthentication" name="test_login_regular_user" time="0.310" /><testcase classname="backend.tests.test_brick_api.TestAuthentication" name="test_login_agency_help" time="0.264" /><testcase classname="backend.tests.test_brick_api.TestAuthentication" name="test_login_shine_a_light" time="0.262" /><testcase classname="backend.tests.test_brick_api.TestAuthentication" name="test_login_recover_lv" time="0.265" /><testcase classname="backend.tests.test_brick_api.TestAuthentication" name="test_login_cleanup_crew" time="0.266" /><testcase classname="backend.tests.test_brick_api.TestAuthentication" name="test_login_legal_aid" time="0.262" /><testcase classname="backend.tests.test_brick_api.TestAuthentication" name="test_login_invalid_credentials" time="0.039" /><testcase classname="backend.tests.test_brick_api.TestAuthentication" name="test_auth_me_endpoint" time="0.304" /><testcase classname="backend.tests.test_brick_api.TestUserRegistration" name="test_register_new_user" time="0.299" /><testcase classname="backend.tests.test_brick_api.TestUserRegistration" name="test_register_duplicate_email" time="0.042" /><testcase classname="backend.tests.test_brick_api.TestNotifications" name="test_get_notifications" time="0.347" /><testcase classname="backend.tests.test_brick_api.TestNotifications" name="test_mark_all_notifications_read" time="0.297" /><testcase classname="backend.tests.test_brick_api.TestCleanupSweeps" name="test_get_sweeps" time="0.297" /><testcase classname="backend.tests.test_brick_api.TestCleanupSweeps" name="test_post_sweep_creates_notifications" time="0.646" /><testcase classname="backend.tests.test_brick_api.TestVault" name="test_get_vault_documents" time="0.298" /><testcase classname="backend.tests.test_brick_api.TestVault" name="test_upload_document" time="0.309" /><testcase classname="backend.tests.test_brick_api.TestResources" name="test_get_resources" time="0.301" /><testcase classname="backend.tests.test_brick_api.TestResources" name="test_get_resources_by_category" time="0.318" /><testcase classname="backend.tests.test_brick_api.TestAgencyDashboard" name="test_get_unified_clients" time="0.346" /><testcase classname="backend.tests.test_brick_api.TestAgencyDashboard" name="test_get_hud_report" time="0.416" /><testcase classname="backend.tests.test_brick_api.TestLegalAid" name="test_get_legal_cases" time="0.458" /><testcase classname="backend.tests.test_brick_api.TestLegalAid" name="test_get_legal_forms" time="0.495" /><testcase classname="backend.tests.test_brick_api.TestBrickChat" name="test_send_chat_message" time="10.268" /><testcase classname="backend.tests.test_brick_api.TestDossier" name="test_get_dossier" time="0.495" /><testcase classname="backend.tests.test_brick_api.TestFlashcards" name="test_get_flashcards" time="0.563" /></testsuite></testsuites>